#-----------------------------------------------------------
# Vivado v2016.2 (64-bit)
# SW Build 1577090 on Thu Jun  2 16:32:40 MDT 2016
# IP Build 1577682 on Fri Jun  3 12:00:54 MDT 2016
# Start of session at: Sun Jun 15 22:47:51 2025
# Process ID: 19024
# Current directory: C:/Users/ponnada mani/OneDrive/Desktop/project_6
# Command line: vivado.exe -gui_launcher_event rodinguilauncherevent12696 C:\Users\ponnada mani\OneDrive\Desktop\project_6\project_6.xpr
# Log file: C:/Users/ponnada mani/OneDrive/Desktop/project_6/vivado.log
# Journal file: C:/Users/ponnada mani/OneDrive/Desktop/project_6\vivado.jou
#-----------------------------------------------------------
start_gui
open_project {C:/Users/ponnada mani/OneDrive/Desktop/project_6/project_6.xpr}
Scanning sources...
Finished scanning sources
INFO: [IP_Flow 19-234] Refreshing IP repositories
INFO: [IP_Flow 19-1704] No user IP repositories specified
INFO: [IP_Flow 19-2313] Loaded Vivado IP repository 'C:/Xilinx/Vivado/2016.2/data/ip'.
open_project: Time (s): cpu = 00:00:11 ; elapsed = 00:00:07 . Memory (MB): peak = 779.844 ; gain = 123.504
update_compile_order -fileset sources_1
